CS240: lab5. wu1669 Fri 24 Jun 2022 03:26:24 PM EDT  Total:  2 of 100

CS240: lab5. wu1669 Fri 24 Jun 2022 03:29:23 PM EDT  Total:  2 of 100

CS240: lab5. wu1669 Fri 24 Jun 2022 03:29:31 PM EDT  Total:  2 of 100

CS240: lab5. wu1669 Fri 24 Jun 2022 03:39:04 PM EDT  Total:  2 of 100

CS240: lab5. wu1669 Fri 24 Jun 2022 03:41:40 PM EDT  Total:  2 of 100

CS240: lab5. wu1669 Fri 24 Jun 2022 03:43:37 PM EDT  Total:  2 of 100

CS240: lab5. wu1669 Fri 24 Jun 2022 03:59:17 PM EDT  Total:  2 of 100

CS240: lab5. wu1669 Fri 24 Jun 2022 04:01:19 PM EDT  Total:  2 of 100

CS240: lab5. wu1669 Fri 24 Jun 2022 04:08:33 PM EDT  Total:  2 of 100

CS240: lab5. wu1669 Fri 24 Jun 2022 04:10:05 PM EDT  Total:  2 of 100

CS240: lab5. wu1669 Fri 24 Jun 2022 04:12:13 PM EDT  Total:  2 of 100

CS240: lab5. wu1669 Fri 24 Jun 2022 04:21:06 PM EDT  Total:  2 of 100

CS240: lab5. wu1669 Fri 24 Jun 2022 04:22:16 PM EDT  Total:  18 of 100

CS240: lab5. wu1669 Fri 24 Jun 2022 05:35:31 PM EDT  Total:  18 of 100

CS240: lab5. wu1669 Fri 24 Jun 2022 05:38:26 PM EDT  Total:  2 of 100

CS240: lab5. wu1669 Fri 24 Jun 2022 06:11:54 PM EDT  Total:  2 of 100

CS240: lab5. wu1669 Fri 24 Jun 2022 06:13:16 PM EDT  Total:  18 of 100

CS240: lab5. wu1669 Fri 24 Jun 2022 06:14:08 PM EDT  Total:  18 of 100

CS240: lab5. wu1669 Fri 24 Jun 2022 06:14:39 PM EDT  Total:  18 of 100

CS240: lab5. wu1669 Fri 24 Jun 2022 06:16:47 PM EDT  Total:  42 of 100

CS240: lab5. wu1669 Fri 24 Jun 2022 06:34:10 PM EDT  Total:  42 of 100

CS240: lab5. wu1669 Fri 24 Jun 2022 07:19:19 PM EDT  Total:  42 of 100

CS240: lab5. wu1669 Sat 25 Jun 2022 05:39:49 PM EDT  Total:  42 of 100

CS240: lab5. wu1669 Mon 27 Jun 2022 03:29:44 PM EDT  Total:  52 of 100

CS240: lab5. wu1669 Mon 27 Jun 2022 03:32:02 PM EDT  Total:  52 of 100

CS240: lab5. wu1669 Mon 27 Jun 2022 05:02:02 PM EDT  Total:  48 of 100

CS240: lab5. wu1669 Mon 27 Jun 2022 05:02:55 PM EDT  Total:  52 of 100

CS240: lab5. wu1669 Mon 27 Jun 2022 06:26:05 PM EDT  Total:  52 of 100

CS240: lab5. wu1669 Mon 27 Jun 2022 06:50:44 PM EDT  Total:  70 of 100

CS240: lab5. wu1669 Mon 27 Jun 2022 06:56:43 PM EDT  Total:  70 of 100

CS240: lab5. wu1669 Mon 27 Jun 2022 06:59:57 PM EDT  Total:  70 of 100

CS240: lab5. wu1669 Mon 27 Jun 2022 07:36:51 PM EDT  Total:  70 of 100

CS240: lab5. wu1669 Mon 27 Jun 2022 07:42:56 PM EDT  Total:  70 of 100

CS240: lab5. wu1669 Mon 27 Jun 2022 10:21:40 PM EDT  Total:  70 of 100

CS240: lab5. wu1669 Mon 27 Jun 2022 11:06:44 PM EDT  Total:  76 of 100

CS240: lab5. wu1669 Mon 27 Jun 2022 11:10:51 PM EDT  Total:  76 of 100

CS240: lab5. wu1669 Mon 27 Jun 2022 11:13:16 PM EDT  Total:  100 of 100

CS240: lab5. wu1669 Mon 27 Jun 2022 11:20:01 PM EDT  Total:  100 of 100

CS240: lab5. wu1669 Mon 27 Jun 2022 11:22:46 PM EDT  Total:  100 of 100

CS240: lab5. wu1669 Mon 27 Jun 2022 11:23:06 PM EDT  Total:  100 of 100

CS240: lab5. wu1669 Mon 27 Jun 2022 11:24:45 PM EDT  Total:  100 of 100

CS240: lab5. wu1669 Tue 28 Jun 2022 12:46:17 PM EDT  Total:  100 of 100

CS240: lab5. wu1669 Thu 30 Jun 2022 01:25:31 PM EDT  Total:  100 of 100

