M	mymemdump.c
Your branch is up to date with 'origin/master'.
A	endian.c
M	mymemdump.c
A	sections.c
M	test_mystring.out
M	testmemdump.out
M	total.out
Your branch is up to date with 'origin/master'.
A	endian.c
M	mymemdump.c
A	sections.c
M	test_mystring.out
M	testmemdump.out
M	total.out
Your branch is up to date with 'origin/master'.
A	endian.c
M	mymemdump.c
A	sections.c
M	test_mystring.out
M	testmemdump.out
M	total.out
Your branch is up to date with 'origin/master'.
A	endian.c
M	mymemdump.c
A	sections.c
M	test_mystring.out
M	testmemdump.out
M	total.out
Your branch is up to date with 'origin/master'.
A	endian.c
M	mymemdump.c
A	sections.c
M	test_mystring.out
M	testmemdump.out
M	total.out
Your branch is up to date with 'origin/master'.
A	endian.c
M	mymemdump.c
A	sections.c
M	test_mystring.out
M	testmemdump.out
M	total.out
Your branch is up to date with 'origin/master'.
A	endian.c
M	mymemdump.c
A	sections.c
M	test_mystring.out
M	testmemdump.out
M	total.out
Your branch is up to date with 'origin/master'.
A	endian.c
M	mymemdump.c
A	sections.c
M	test_mystring.out
M	testmemdump.out
M	total.out
Your branch is up to date with 'origin/master'.
A	endian.c
M	mymemdump.c
A	sections.c
M	test_mystring.out
M	testmemdump.out
M	total.out
Your branch is up to date with 'origin/master'.
A	endian.c
M	mymemdump.c
A	sections.c
M	test_mystring.out
M	testmemdump.out
M	total.out
Your branch is up to date with 'origin/master'.
A	endian.c
M	mymemdump.c
A	sections.c
M	test_mystring.out
M	testmemdump.out
M	total.out
Your branch is up to date with 'origin/master'.
A	endian.c
M	mymemdump.c
A	sections.c
M	test_mystring.out
M	testmemdump.out
M	total.out
Your branch is up to date with 'origin/master'.
A	endian.c
M	mymemdump.c
A	sections.c
M	test_mystring.out
M	testmemdump.out
M	total.out
M	total.txt
Your branch is up to date with 'origin/master'.
A	endian.c
M	mymemdump.c
A	sections.c
M	test_mystring.out
M	testmemdump.out
M	total.out
M	total.txt
Your branch is up to date with 'origin/master'.
A	endian.c
M	mymemdump.c
A	sections.c
M	test_mystring.out
M	testmemdump.out
M	total.out
Your branch is up to date with 'origin/master'.
A	endian.c
M	mymemdump.c
A	sections.c
M	test_mystring.out
M	testmemdump.out
M	total.out
Your branch is up to date with 'origin/master'.
A	endian.c
M	mymemdump.c
A	sections.c
M	test_mystring.out
M	testmemdump.out
M	total.out
Your branch is up to date with 'origin/master'.
A	endian.c
M	mymemdump.c
A	sections.c
M	test_mystring.out
M	testmemdump.out
M	total.out
M	total.txt
Your branch is up to date with 'origin/master'.
A	endian.c
M	mymemdump.c
A	sections.c
M	test_mystring.out
M	testmemdump.out
M	total.out
M	total.txt
Your branch is up to date with 'origin/master'.
A	endian.c
M	mymemdump.c
A	sections.c
M	test_mystring.out
M	testmemdump.out
M	total.out
M	total.txt
Your branch is up to date with 'origin/master'.
A	endian.c
M	mymemdump.c
A	sections.c
M	test_mystring.out
M	testmemdump.out
M	total.out
M	total.txt
Your branch is up to date with 'origin/master'.
A	endian.c
M	mymemdump.c
A	sections.c
M	test_mystring.out
M	testmemdump.out
M	total.out
M	total.txt
Your branch is up to date with 'origin/master'.
A	endian.c
M	mymemdump.c
A	sections.c
M	test_mystring.out
M	testmemdump.out
M	total.out
M	total.txt
Your branch is up to date with 'origin/master'.
A	endian.c
M	mymemdump.c
A	sections.c
M	test_mystring.out
M	testmemdump.out
M	total.out
M	total.txt
Your branch is up to date with 'origin/master'.
A	endian.c
M	mem.c
M	mymemdump.c
A	sections.c
M	test_mystring.out
M	testmemdump.out
M	total.out
M	total.txt
Your branch is up to date with 'origin/master'.
A	endian.c
M	mem.c
M	mymemdump.c
A	sections.c
M	test_mystring.out
M	testmemdump.out
M	total.out
M	total.txt
Your branch is up to date with 'origin/master'.
M	array.c
A	endian.c
M	mem.c
M	mymemdump.c
A	sections.c
M	test_mystring.out
M	testmemdump.out
M	total.out
M	total.txt
Your branch is up to date with 'origin/master'.
M	array.c
A	endian.c
M	mem.c
M	mymemdump.c
A	sections.c
M	test_mystring
M	test_mystring.out
M	testmemdump.out
M	total.out
M	total.txt
Your branch is up to date with 'origin/master'.
M	array.c
A	endian.c
M	mem.c
M	mymemdump.c
A	sections.c
M	test_array
M	test_array.out
M	test_mystring
M	test_mystring.out
M	testmemdump.out
M	total.out
M	total.txt
Your branch is up to date with 'origin/master'.
M	array.c
A	endian.c
M	mem.c
M	mymemdump.c
A	sections.c
M	test_array
M	test_array.out
M	test_mystring
M	test_mystring.out
M	testmemdump.out
M	total.out
M	total.txt
Your branch is up to date with 'origin/master'.
M	array.c
A	endian.c
M	mem.c
M	mymemdump.c
A	sections.c
M	test_array
M	test_array.out
M	test_mystring
M	test_mystring.out
M	testmemdump.out
M	total.out
M	total.txt
Your branch is up to date with 'origin/master'.
M	array.c
A	endian.c
M	mem.c
M	mymemdump.c
A	sections.c
M	test_array
M	test_array.out
M	test_mystring
M	test_mystring.out
M	testmemdump.out
M	total.out
M	total.txt
Your branch is up to date with 'origin/master'.
M	array.c
A	endian.c
M	mem.c
M	mymemdump.c
A	sections.c
M	test_array
M	test_array.out
M	test_mystring
M	test_mystring.out
M	testmemdump.out
M	total.out
M	total.txt
Your branch is up to date with 'origin/master'.
M	array.c
A	endian.c
M	mem.c
M	mymemdump.c
A	sections.c
M	test_array
M	test_array.out
M	test_mystring
M	test_mystring.out
M	testmemdump.out
M	total.out
M	total.txt
Your branch is up to date with 'origin/master'.
M	array.c
A	endian.c
M	mem.c
M	mymemdump.c
M	mystring.c
A	sections.c
M	test_array
M	test_array.out
M	test_mystring
M	test_mystring.out
M	testmemdump.out
M	total.out
M	total.txt
Your branch is up to date with 'origin/master'.
M	array.c
A	endian.c
M	mem.c
M	mymemdump.c
M	mystring.c
A	sections.c
M	test_array
M	test_array.out
M	test_mystring
M	test_mystring.out
M	testmemdump.out
M	total.out
M	total.txt
Your branch is up to date with 'origin/master'.
M	array.c
A	endian.c
M	mem.c
M	mymemdump.c
M	mystring.c
A	sections.c
M	test_array
M	test_array.out
M	test_mystring
M	test_mystring.out
M	testmemdump.out
M	total.out
M	total.txt
Your branch is up to date with 'origin/master'.
M	array.c
A	endian.c
M	mem.c
M	mymemdump.c
M	mystring.c
A	sections.c
M	test_array
M	test_array.out
M	test_mystring
M	test_mystring.out
M	testmemdump.out
M	total.out
M	total.txt
Your branch is up to date with 'origin/master'.
M	array.c
A	endian.c
M	mem.c
M	mymemdump.c
M	mystring.c
A	sections.c
M	test_array
M	test_array.out
M	test_mystring
M	test_mystring.out
M	testmemdump.out
M	total.out
M	total.txt
Your branch is up to date with 'origin/master'.
M	array.c
A	endian.c
M	mem.c
M	mymemdump.c
M	mystring.c
A	sections.c
M	test_array
M	test_array.out
M	test_mystring
M	test_mystring.out
M	testmemdump.out
M	total.out
M	total.txt
Your branch is up to date with 'origin/master'.
M	array.c
A	endian.c
M	mem.c
M	mymemdump.c
M	mystring.c
A	sections.c
M	test_array
M	test_array.out
M	test_mystring
M	test_mystring.out
M	testmemdump.out
M	total.out
M	total.txt
Your branch is up to date with 'origin/master'.
M	array.c
A	endian.c
M	mem.c
M	mymemdump.c
M	mystring.c
A	sections.c
M	test_array
M	test_array.out
M	test_mystring
M	test_mystring.out
M	testmemdump.out
M	total.out
M	total.txt
Your branch is up to date with 'origin/master'.
M	array.c
A	endian.c
M	mem.c
M	myfiledump.c
M	mymemdump.c
M	mystring.c
A	sections.c
M	test_array
M	test_array.out
M	test_mystring
M	test_mystring.out
M	testmemdump.out
M	total.out
M	total.txt
Your branch is up to date with 'origin/master'.
M	array.c
A	endian.c
M	mem.c
M	myfiledump.c
M	mymemdump.c
M	mystring.c
A	sections.c
M	test_array
M	test_array.out
M	test_mystring
M	test_mystring.out
M	testmemdump.out
M	total.out
M	total.txt
Your branch is up to date with 'origin/master'.
M	array.c
M	diff.out
A	endian.c
M	mem.c
M	myfiledump.c
M	myfiledump.org.out
M	myfiledump.out
M	mymemdump.c
M	mystring.c
A	sections.c
M	test_array
M	test_array.out
M	test_mystring
M	test_mystring.out
M	testmemdump.out
M	total.out
M	total.txt
Your branch is up to date with 'origin/master'.
M	array.c
M	diff.out
A	endian.c
M	mem.c
M	myfiledump.c
M	myfiledump.org.out
M	myfiledump.out
M	mymemdump.c
M	mystring.c
A	sections.c
M	test_array
M	test_array.out
M	test_mystring
M	test_mystring.out
M	testmemdump.out
M	total.out
M	total.txt
Your branch is up to date with 'origin/master'.
M	array.c
M	diff.out
A	endian.c
M	mem.c
M	myfiledump.c
M	myfiledump.org.out
M	myfiledump.out
M	mymemdump.c
M	mystring.c
A	sections.c
M	test_array
M	test_array.out
M	test_mystring
M	test_mystring.out
M	testmemdump.out
M	total.out
M	total.txt
Your branch is up to date with 'origin/master'.
M	array.c
M	diff.out
A	endian.c
M	mem.c
M	myfiledump.c
M	myfiledump.org.out
M	myfiledump.out
M	mymemdump.c
M	mystring.c
A	sections.c
M	test_array
M	test_array.out
M	test_mystring
M	test_mystring.out
M	testmemdump.out
M	total.out
M	total.txt
Your branch is up to date with 'origin/master'.
M	array.c
M	diff.out
A	endian.c
M	mem.c
M	myfiledump.c
M	myfiledump.org.out
M	myfiledump.out
M	mymemdump.c
M	mystring.c
A	sections.c
M	test_array
M	test_array.out
M	test_mystring
M	test_mystring.out
M	testmemdump.out
M	total.out
M	total.txt
Your branch is up to date with 'origin/master'.
M	array.c
M	diff.out
A	endian.c
M	mem.c
M	myfiledump.c
M	myfiledump.org.out
M	myfiledump.out
M	mymemdump.c
M	mystring.c
A	sections.c
M	test_array
M	test_array.out
M	test_mystring
M	test_mystring.out
M	testmemdump.out
M	total.out
M	total.txt
Your branch is up to date with 'origin/master'.
M	array.c
M	diff.out
A	endian.c
M	mem.c
M	myfiledump.c
M	myfiledump.org.out
M	myfiledump.out
M	mymemdump.c
M	mystring.c
A	sections.c
M	test_array
M	test_array.out
M	test_mystring
M	test_mystring.out
M	testmemdump.out
M	total.out
M	total.txt
Your branch is up to date with 'origin/master'.
M	array.c
M	diff.out
A	endian.c
M	mem.c
M	myfiledump.c
M	myfiledump.org.out
M	myfiledump.out
M	mymemdump.c
M	mystring.c
A	sections.c
M	test_array
M	test_array.out
M	test_mystring
M	test_mystring.out
M	testmemdump.out
M	total.out
M	total.txt
Your branch is up to date with 'origin/master'.
M	array.c
M	diff.out
A	endian.c
M	mem.c
M	myfiledump.c
M	myfiledump.org.out
M	myfiledump.out
M	mymemdump.c
M	mystring.c
A	sections.c
M	test_array
M	test_array.out
M	test_mystring
M	test_mystring.out
M	testmemdump.out
M	total.out
M	total.txt
Your branch is up to date with 'origin/master'.
M	array.c
M	diff.out
A	endian.c
M	mem.c
M	myfiledump.c
M	myfiledump.org.out
M	myfiledump.out
M	mymemdump.c
M	mystring.c
A	sections.c
M	test_array
M	test_array.out
M	test_mystring
M	test_mystring.out
M	testmemdump.out
M	total.out
M	total.txt
Your branch is up to date with 'origin/master'.
M	array.c
M	diff.out
A	endian.c
M	mem.c
M	myfiledump.c
M	myfiledump.org.out
M	myfiledump.out
M	mymemdump.c
M	mystring.c
A	sections.c
M	test_array
M	test_array.out
M	test_mystring
M	test_mystring.out
M	testmemdump.out
M	total.out
M	total.txt
Your branch is up to date with 'origin/master'.
M	array.c
M	diff.out
A	endian.c
M	mem.c
M	myfiledump.c
M	myfiledump.org.out
M	myfiledump.out
M	mymemdump.c
M	mystring.c
A	sections.c
M	test_array
M	test_array.out
M	test_mystring
M	test_mystring.out
M	testmemdump.out
M	total.out
M	total.txt
Your branch is up to date with 'origin/master'.
M	array.c
M	diff.out
A	endian.c
M	mem.c
M	myfiledump.c
M	myfiledump.org.out
M	myfiledump.out
M	mymemdump.c
M	mystring.c
A	sections.c
M	test_array
M	test_array.out
M	test_mystring
M	test_mystring.out
M	testmemdump.out
M	total.out
M	total.txt
Your branch is up to date with 'origin/master'.
M	array.c
M	diff.out
A	endian.c
M	mem.c
M	myfiledump.c
M	myfiledump.org.out
M	myfiledump.out
M	mymemdump.c
M	mystring.c
A	sections.c
M	test_array
M	test_array.out
M	test_mystring
M	test_mystring.out
M	testmemdump.out
M	total.out
M	total.txt
Your branch is up to date with 'origin/master'.
